<?xml version="1.0" encoding="UTF-8"?>
<!-- Generated by org.testng.reporters.JUnitReportReporter -->
<testsuite hostname="Tao" name="WalmartTicketProjectTest.ticketServiceImpTest" tests="3" failures="0" timestamp="25 Mar 2016 19:01:21 GMT" time="0.223" errors="0">
  <testcase name="testReservedSeats" time="0.112" classname="WalmartTicketProjectTest.ticketServiceImpTest"/>
  <testcase name="testHoldSeats" time="0.016" classname="WalmartTicketProjectTest.ticketServiceImpTest"/>
  <testcase name="testAvailabltNumberSeats" time="0.095" classname="WalmartTicketProjectTest.ticketServiceImpTest"/>
</testsuite> <!-- WalmartTicketProjectTest.ticketServiceImpTest -->
