<?xml version="1.0" encoding="UTF-8"?>
<!-- Generated by org.testng.reporters.JUnitReportReporter -->
<testsuite hostname="Tao" name="WalmartTicketProjectTest.InitializeStadiumTest" tests="2" failures="0" timestamp="25 Mar 2016 19:01:21 GMT" time="0.016" errors="0">
  <testcase name="testSeats" time="0.016" classname="WalmartTicketProjectTest.InitializeStadiumTest"/>
  <testcase name="testInitializedSeats" time="0.000" classname="WalmartTicketProjectTest.InitializeStadiumTest"/>
</testsuite> <!-- WalmartTicketProjectTest.InitializeStadiumTest -->
